<?xml version="1.0" encoding="UTF-8"?>
<testsuite xmlns:xsi="http://www.w3.org/2001/XMLSchema-instance" xsi:noNamespaceSchemaLocation="https://maven.apache.org/surefire/maven-surefire-plugin/xsd/surefire-test-report.xsd" name="com.example.demo.DemoApplicationTests" time="0.087" tests="3" errors="3" skipped="0" failures="0">
  <properties>
    <property name="sun.desktop" value="windows"/>
    <property name="awt.toolkit" value="sun.awt.windows.WToolkit"/>
    <property name="file.encoding.pkg" value="sun.io"/>
    <property name="java.specification.version" value="1.8"/>
    <property name="sun.cpu.isalist" value="amd64"/>
    <property name="sun.jnu.encoding" value="GBK"/>
    <property name="java.class.path" value="D:\IdeaProjects\graduate_design\gd-web-util\target\test-classes;D:\IdeaProjects\graduate_design\gd-web-util\target\classes;d:\maven\repository\org\springframework\boot\spring-boot-starter-thymeleaf\2.1.13.RELEASE\spring-boot-starter-thymeleaf-2.1.13.RELEASE.jar;d:\maven\repository\org\springframework\boot\spring-boot-starter\2.1.13.RELEASE\spring-boot-starter-2.1.13.RELEASE.jar;d:\maven\repository\org\springframework\boot\spring-boot\2.1.13.RELEASE\spring-boot-2.1.13.RELEASE.jar;d:\maven\repository\org\springframework\boot\spring-boot-autoconfigure\2.1.13.RELEASE\spring-boot-autoconfigure-2.1.13.RELEASE.jar;d:\maven\repository\org\springframework\boot\spring-boot-starter-logging\2.1.13.RELEASE\spring-boot-starter-logging-2.1.13.RELEASE.jar;d:\maven\repository\org\apache\logging\log4j\log4j-to-slf4j\2.11.2\log4j-to-slf4j-2.11.2.jar;d:\maven\repository\org\apache\logging\log4j\log4j-api\2.11.2\log4j-api-2.11.2.jar;d:\maven\repository\org\slf4j\jul-to-slf4j\1.7.30\jul-to-slf4j-1.7.30.jar;d:\maven\repository\javax\annotation\javax.annotation-api\1.3.2\javax.annotation-api-1.3.2.jar;d:\maven\repository\org\springframework\spring-core\5.1.14.RELEASE\spring-core-5.1.14.RELEASE.jar;d:\maven\repository\org\springframework\spring-jcl\5.1.14.RELEASE\spring-jcl-5.1.14.RELEASE.jar;d:\maven\repository\org\yaml\snakeyaml\1.23\snakeyaml-1.23.jar;d:\maven\repository\org\thymeleaf\thymeleaf-spring5\3.0.11.RELEASE\thymeleaf-spring5-3.0.11.RELEASE.jar;d:\maven\repository\org\thymeleaf\thymeleaf\3.0.11.RELEASE\thymeleaf-3.0.11.RELEASE.jar;d:\maven\repository\org\attoparser\attoparser\2.0.5.RELEASE\attoparser-2.0.5.RELEASE.jar;d:\maven\repository\org\unbescape\unbescape\1.1.6.RELEASE\unbescape-1.1.6.RELEASE.jar;d:\maven\repository\org\slf4j\slf4j-api\1.7.30\slf4j-api-1.7.30.jar;d:\maven\repository\org\thymeleaf\extras\thymeleaf-extras-java8time\3.0.4.RELEASE\thymeleaf-extras-java8time-3.0.4.RELEASE.jar;d:\maven\repository\net\sourceforge\nekohtml\nekohtml\1.9.20\nekohtml-1.9.20.jar;d:\maven\repository\xerces\xercesImpl\2.10.0\xercesImpl-2.10.0.jar;d:\maven\repository\xml-apis\xml-apis\1.4.01\xml-apis-1.4.01.jar;d:\maven\repository\org\apache\xmlgraphics\batik-ext\1.9.1\batik-ext-1.9.1.jar;d:\maven\repository\io\jsonwebtoken\jjwt\0.9.0\jjwt-0.9.0.jar;d:\maven\repository\com\fasterxml\jackson\core\jackson-databind\2.9.10.3\jackson-databind-2.9.10.3.jar;d:\maven\repository\com\fasterxml\jackson\core\jackson-annotations\2.9.10\jackson-annotations-2.9.10.jar;d:\maven\repository\com\fasterxml\jackson\core\jackson-core\2.9.10\jackson-core-2.9.10.jar;d:\maven\repository\xyz\ymtao\gd-common-util\0.0.1-SNAPSHOT\gd-common-util-0.0.1-SNAPSHOT.jar;d:\maven\repository\org\springframework\boot\spring-boot-starter-test\2.1.13.RELEASE\spring-boot-starter-test-2.1.13.RELEASE.jar;d:\maven\repository\org\springframework\boot\spring-boot-test\2.1.13.RELEASE\spring-boot-test-2.1.13.RELEASE.jar;d:\maven\repository\org\springframework\boot\spring-boot-test-autoconfigure\2.1.13.RELEASE\spring-boot-test-autoconfigure-2.1.13.RELEASE.jar;d:\maven\repository\com\jayway\jsonpath\json-path\2.4.0\json-path-2.4.0.jar;d:\maven\repository\net\minidev\json-smart\2.3\json-smart-2.3.jar;d:\maven\repository\net\minidev\accessors-smart\1.2\accessors-smart-1.2.jar;d:\maven\repository\org\ow2\asm\asm\5.0.4\asm-5.0.4.jar;d:\maven\repository\junit\junit\4.12\junit-4.12.jar;d:\maven\repository\org\assertj\assertj-core\3.11.1\assertj-core-3.11.1.jar;d:\maven\repository\org\mockito\mockito-core\2.23.4\mockito-core-2.23.4.jar;d:\maven\repository\net\bytebuddy\byte-buddy\1.9.16\byte-buddy-1.9.16.jar;d:\maven\repository\net\bytebuddy\byte-buddy-agent\1.9.16\byte-buddy-agent-1.9.16.jar;d:\maven\repository\org\objenesis\objenesis\2.6\objenesis-2.6.jar;d:\maven\repository\org\hamcrest\hamcrest-core\1.3\hamcrest-core-1.3.jar;d:\maven\repository\org\hamcrest\hamcrest-library\1.3\hamcrest-library-1.3.jar;d:\maven\repository\org\skyscreamer\jsonassert\1.5.0\jsonassert-1.5.0.jar;d:\maven\repository\org\springframework\spring-test\5.1.14.RELEASE\spring-test-5.1.14.RELEASE.jar;d:\maven\repository\org\xmlunit\xmlunit-core\2.6.3\xmlunit-core-2.6.3.jar;d:\maven\repository\org\springframework\boot\spring-boot-starter-web\2.1.13.RELEASE\spring-boot-starter-web-2.1.13.RELEASE.jar;d:\maven\repository\org\springframework\boot\spring-boot-starter-json\2.1.13.RELEASE\spring-boot-starter-json-2.1.13.RELEASE.jar;d:\maven\repository\com\fasterxml\jackson\datatype\jackson-datatype-jdk8\2.9.10\jackson-datatype-jdk8-2.9.10.jar;d:\maven\repository\com\fasterxml\jackson\datatype\jackson-datatype-jsr310\2.9.10\jackson-datatype-jsr310-2.9.10.jar;d:\maven\repository\com\fasterxml\jackson\module\jackson-module-parameter-names\2.9.10\jackson-module-parameter-names-2.9.10.jar;d:\maven\repository\org\springframework\boot\spring-boot-starter-tomcat\2.1.13.RELEASE\spring-boot-starter-tomcat-2.1.13.RELEASE.jar;d:\maven\repository\org\apache\tomcat\embed\tomcat-embed-core\9.0.31\tomcat-embed-core-9.0.31.jar;d:\maven\repository\org\apache\tomcat\embed\tomcat-embed-el\9.0.31\tomcat-embed-el-9.0.31.jar;d:\maven\repository\org\apache\tomcat\embed\tomcat-embed-websocket\9.0.31\tomcat-embed-websocket-9.0.31.jar;d:\maven\repository\org\hibernate\validator\hibernate-validator\6.0.18.Final\hibernate-validator-6.0.18.Final.jar;d:\maven\repository\javax\validation\validation-api\2.0.1.Final\validation-api-2.0.1.Final.jar;d:\maven\repository\org\jboss\logging\jboss-logging\3.3.3.Final\jboss-logging-3.3.3.Final.jar;d:\maven\repository\com\fasterxml\classmate\1.4.0\classmate-1.4.0.jar;d:\maven\repository\org\springframework\spring-web\5.1.14.RELEASE\spring-web-5.1.14.RELEASE.jar;d:\maven\repository\org\springframework\spring-beans\5.1.14.RELEASE\spring-beans-5.1.14.RELEASE.jar;d:\maven\repository\org\springframework\spring-webmvc\5.1.14.RELEASE\spring-webmvc-5.1.14.RELEASE.jar;d:\maven\repository\org\springframework\spring-aop\5.1.14.RELEASE\spring-aop-5.1.14.RELEASE.jar;d:\maven\repository\org\springframework\spring-expression\5.1.14.RELEASE\spring-expression-5.1.14.RELEASE.jar;d:\maven\repository\com\alibaba\dubbo\2.6.2\dubbo-2.6.2.jar;d:\maven\repository\org\springframework\spring-context\5.1.14.RELEASE\spring-context-5.1.14.RELEASE.jar;d:\maven\repository\org\javassist\javassist\3.20.0-GA\javassist-3.20.0-GA.jar;d:\maven\repository\org\jboss\netty\netty\3.2.5.Final\netty-3.2.5.Final.jar;d:\maven\repository\com\101tec\zkclient\0.10\zkclient-0.10.jar;d:\maven\repository\org\apache\zookeeper\zookeeper\3.4.8\zookeeper-3.4.8.jar;d:\maven\repository\log4j\log4j\1.2.16\log4j-1.2.16.jar;d:\maven\repository\jline\jline\0.9.94\jline-0.9.94.jar;d:\maven\repository\io\netty\netty\3.7.0.Final\netty-3.7.0.Final.jar;d:\maven\repository\com\gitee\reger\spring-boot-starter-dubbo\1.1.2\spring-boot-starter-dubbo-1.1.2.jar;d:\maven\repository\org\slf4j\log4j-over-slf4j\1.7.30\log4j-over-slf4j-1.7.30.jar;d:\maven\repository\org\springframework\boot\spring-boot-starter-validation\2.1.13.RELEASE\spring-boot-starter-validation-2.1.13.RELEASE.jar;d:\maven\repository\org\apache\httpcomponents\httpclient\4.5.5\httpclient-4.5.5.jar;d:\maven\repository\org\apache\httpcomponents\httpcore\4.4.13\httpcore-4.4.13.jar;d:\maven\repository\commons-logging\commons-logging\1.2\commons-logging-1.2.jar;d:\maven\repository\org\apache\commons\commons-lang3\3.7\commons-lang3-3.7.jar;d:\maven\repository\commons-beanutils\commons-beanutils\1.9.3\commons-beanutils-1.9.3.jar;d:\maven\repository\commons-collections\commons-collections\3.2.2\commons-collections-3.2.2.jar;d:\maven\repository\commons-codec\commons-codec\1.11\commons-codec-1.11.jar;d:\maven\repository\com\github\tobato\fastdfs-client\1.26.6\fastdfs-client-1.26.6.jar;d:\maven\repository\org\slf4j\jcl-over-slf4j\1.7.30\jcl-over-slf4j-1.7.30.jar;d:\maven\repository\ch\qos\logback\logback-classic\1.2.3\logback-classic-1.2.3.jar;d:\maven\repository\ch\qos\logback\logback-core\1.2.3\logback-core-1.2.3.jar;d:\maven\repository\commons-io\commons-io\2.4\commons-io-2.4.jar;d:\maven\repository\org\apache\commons\commons-pool2\2.6.2\commons-pool2-2.6.2.jar;d:\maven\repository\net\coobird\thumbnailator\0.4.8\thumbnailator-0.4.8.jar;d:\maven\repository\com\alibaba\fastjson\1.2.46\fastjson-1.2.46.jar;d:\maven\repository\com\github\qcloudsms\qcloudsms\1.0.6\qcloudsms-1.0.6.jar;d:\maven\repository\org\json\json\20170516\json-20170516.jar;d:\maven\repository\org\apache\httpcomponents\httpmime\4.5.5\httpmime-4.5.5.jar;"/>
    <property name="java.vm.vendor" value="Oracle Corporation"/>
    <property name="sun.arch.data.model" value="64"/>
    <property name="user.variant" value=""/>
    <property name="java.vendor.url" value="http://java.oracle.com/"/>
    <property name="user.timezone" value="Asia/Shanghai"/>
    <property name="java.vm.specification.version" value="1.8"/>
    <property name="os.name" value="Windows 10"/>
    <property name="user.country" value="CN"/>
    <property name="sun.java.launcher" value="SUN_STANDARD"/>
    <property name="sun.boot.library.path" value="C:\Program Files\Java\jdk1.8.0_221\jre\bin"/>
    <property name="sun.java.command" value="C:\Users\yang\AppData\Local\Temp\surefire4266216681898746900\surefirebooter5165921805213190287.jar C:\Users\yang\AppData\Local\Temp\surefire4266216681898746900 2020-04-29T11-19-12_909-jvmRun1 surefire7930593061106929927tmp surefire_04376038929502501084tmp"/>
    <property name="surefire.test.class.path" value="D:\IdeaProjects\graduate_design\gd-web-util\target\test-classes;D:\IdeaProjects\graduate_design\gd-web-util\target\classes;d:\maven\repository\org\springframework\boot\spring-boot-starter-thymeleaf\2.1.13.RELEASE\spring-boot-starter-thymeleaf-2.1.13.RELEASE.jar;d:\maven\repository\org\springframework\boot\spring-boot-starter\2.1.13.RELEASE\spring-boot-starter-2.1.13.RELEASE.jar;d:\maven\repository\org\springframework\boot\spring-boot\2.1.13.RELEASE\spring-boot-2.1.13.RELEASE.jar;d:\maven\repository\org\springframework\boot\spring-boot-autoconfigure\2.1.13.RELEASE\spring-boot-autoconfigure-2.1.13.RELEASE.jar;d:\maven\repository\org\springframework\boot\spring-boot-starter-logging\2.1.13.RELEASE\spring-boot-starter-logging-2.1.13.RELEASE.jar;d:\maven\repository\org\apache\logging\log4j\log4j-to-slf4j\2.11.2\log4j-to-slf4j-2.11.2.jar;d:\maven\repository\org\apache\logging\log4j\log4j-api\2.11.2\log4j-api-2.11.2.jar;d:\maven\repository\org\slf4j\jul-to-slf4j\1.7.30\jul-to-slf4j-1.7.30.jar;d:\maven\repository\javax\annotation\javax.annotation-api\1.3.2\javax.annotation-api-1.3.2.jar;d:\maven\repository\org\springframework\spring-core\5.1.14.RELEASE\spring-core-5.1.14.RELEASE.jar;d:\maven\repository\org\springframework\spring-jcl\5.1.14.RELEASE\spring-jcl-5.1.14.RELEASE.jar;d:\maven\repository\org\yaml\snakeyaml\1.23\snakeyaml-1.23.jar;d:\maven\repository\org\thymeleaf\thymeleaf-spring5\3.0.11.RELEASE\thymeleaf-spring5-3.0.11.RELEASE.jar;d:\maven\repository\org\thymeleaf\thymeleaf\3.0.11.RELEASE\thymeleaf-3.0.11.RELEASE.jar;d:\maven\repository\org\attoparser\attoparser\2.0.5.RELEASE\attoparser-2.0.5.RELEASE.jar;d:\maven\repository\org\unbescape\unbescape\1.1.6.RELEASE\unbescape-1.1.6.RELEASE.jar;d:\maven\repository\org\slf4j\slf4j-api\1.7.30\slf4j-api-1.7.30.jar;d:\maven\repository\org\thymeleaf\extras\thymeleaf-extras-java8time\3.0.4.RELEASE\thymeleaf-extras-java8time-3.0.4.RELEASE.jar;d:\maven\repository\net\sourceforge\nekohtml\nekohtml\1.9.20\nekohtml-1.9.20.jar;d:\maven\repository\xerces\xercesImpl\2.10.0\xercesImpl-2.10.0.jar;d:\maven\repository\xml-apis\xml-apis\1.4.01\xml-apis-1.4.01.jar;d:\maven\repository\org\apache\xmlgraphics\batik-ext\1.9.1\batik-ext-1.9.1.jar;d:\maven\repository\io\jsonwebtoken\jjwt\0.9.0\jjwt-0.9.0.jar;d:\maven\repository\com\fasterxml\jackson\core\jackson-databind\2.9.10.3\jackson-databind-2.9.10.3.jar;d:\maven\repository\com\fasterxml\jackson\core\jackson-annotations\2.9.10\jackson-annotations-2.9.10.jar;d:\maven\repository\com\fasterxml\jackson\core\jackson-core\2.9.10\jackson-core-2.9.10.jar;d:\maven\repository\xyz\ymtao\gd-common-util\0.0.1-SNAPSHOT\gd-common-util-0.0.1-SNAPSHOT.jar;d:\maven\repository\org\springframework\boot\spring-boot-starter-test\2.1.13.RELEASE\spring-boot-starter-test-2.1.13.RELEASE.jar;d:\maven\repository\org\springframework\boot\spring-boot-test\2.1.13.RELEASE\spring-boot-test-2.1.13.RELEASE.jar;d:\maven\repository\org\springframework\boot\spring-boot-test-autoconfigure\2.1.13.RELEASE\spring-boot-test-autoconfigure-2.1.13.RELEASE.jar;d:\maven\repository\com\jayway\jsonpath\json-path\2.4.0\json-path-2.4.0.jar;d:\maven\repository\net\minidev\json-smart\2.3\json-smart-2.3.jar;d:\maven\repository\net\minidev\accessors-smart\1.2\accessors-smart-1.2.jar;d:\maven\repository\org\ow2\asm\asm\5.0.4\asm-5.0.4.jar;d:\maven\repository\junit\junit\4.12\junit-4.12.jar;d:\maven\repository\org\assertj\assertj-core\3.11.1\assertj-core-3.11.1.jar;d:\maven\repository\org\mockito\mockito-core\2.23.4\mockito-core-2.23.4.jar;d:\maven\repository\net\bytebuddy\byte-buddy\1.9.16\byte-buddy-1.9.16.jar;d:\maven\repository\net\bytebuddy\byte-buddy-agent\1.9.16\byte-buddy-agent-1.9.16.jar;d:\maven\repository\org\objenesis\objenesis\2.6\objenesis-2.6.jar;d:\maven\repository\org\hamcrest\hamcrest-core\1.3\hamcrest-core-1.3.jar;d:\maven\repository\org\hamcrest\hamcrest-library\1.3\hamcrest-library-1.3.jar;d:\maven\repository\org\skyscreamer\jsonassert\1.5.0\jsonassert-1.5.0.jar;d:\maven\repository\org\springframework\spring-test\5.1.14.RELEASE\spring-test-5.1.14.RELEASE.jar;d:\maven\repository\org\xmlunit\xmlunit-core\2.6.3\xmlunit-core-2.6.3.jar;d:\maven\repository\org\springframework\boot\spring-boot-starter-web\2.1.13.RELEASE\spring-boot-starter-web-2.1.13.RELEASE.jar;d:\maven\repository\org\springframework\boot\spring-boot-starter-json\2.1.13.RELEASE\spring-boot-starter-json-2.1.13.RELEASE.jar;d:\maven\repository\com\fasterxml\jackson\datatype\jackson-datatype-jdk8\2.9.10\jackson-datatype-jdk8-2.9.10.jar;d:\maven\repository\com\fasterxml\jackson\datatype\jackson-datatype-jsr310\2.9.10\jackson-datatype-jsr310-2.9.10.jar;d:\maven\repository\com\fasterxml\jackson\module\jackson-module-parameter-names\2.9.10\jackson-module-parameter-names-2.9.10.jar;d:\maven\repository\org\springframework\boot\spring-boot-starter-tomcat\2.1.13.RELEASE\spring-boot-starter-tomcat-2.1.13.RELEASE.jar;d:\maven\repository\org\apache\tomcat\embed\tomcat-embed-core\9.0.31\tomcat-embed-core-9.0.31.jar;d:\maven\repository\org\apache\tomcat\embed\tomcat-embed-el\9.0.31\tomcat-embed-el-9.0.31.jar;d:\maven\repository\org\apache\tomcat\embed\tomcat-embed-websocket\9.0.31\tomcat-embed-websocket-9.0.31.jar;d:\maven\repository\org\hibernate\validator\hibernate-validator\6.0.18.Final\hibernate-validator-6.0.18.Final.jar;d:\maven\repository\javax\validation\validation-api\2.0.1.Final\validation-api-2.0.1.Final.jar;d:\maven\repository\org\jboss\logging\jboss-logging\3.3.3.Final\jboss-logging-3.3.3.Final.jar;d:\maven\repository\com\fasterxml\classmate\1.4.0\classmate-1.4.0.jar;d:\maven\repository\org\springframework\spring-web\5.1.14.RELEASE\spring-web-5.1.14.RELEASE.jar;d:\maven\repository\org\springframework\spring-beans\5.1.14.RELEASE\spring-beans-5.1.14.RELEASE.jar;d:\maven\repository\org\springframework\spring-webmvc\5.1.14.RELEASE\spring-webmvc-5.1.14.RELEASE.jar;d:\maven\repository\org\springframework\spring-aop\5.1.14.RELEASE\spring-aop-5.1.14.RELEASE.jar;d:\maven\repository\org\springframework\spring-expression\5.1.14.RELEASE\spring-expression-5.1.14.RELEASE.jar;d:\maven\repository\com\alibaba\dubbo\2.6.2\dubbo-2.6.2.jar;d:\maven\repository\org\springframework\spring-context\5.1.14.RELEASE\spring-context-5.1.14.RELEASE.jar;d:\maven\repository\org\javassist\javassist\3.20.0-GA\javassist-3.20.0-GA.jar;d:\maven\repository\org\jboss\netty\netty\3.2.5.Final\netty-3.2.5.Final.jar;d:\maven\repository\com\101tec\zkclient\0.10\zkclient-0.10.jar;d:\maven\repository\org\apache\zookeeper\zookeeper\3.4.8\zookeeper-3.4.8.jar;d:\maven\repository\log4j\log4j\1.2.16\log4j-1.2.16.jar;d:\maven\repository\jline\jline\0.9.94\jline-0.9.94.jar;d:\maven\repository\io\netty\netty\3.7.0.Final\netty-3.7.0.Final.jar;d:\maven\repository\com\gitee\reger\spring-boot-starter-dubbo\1.1.2\spring-boot-starter-dubbo-1.1.2.jar;d:\maven\repository\org\slf4j\log4j-over-slf4j\1.7.30\log4j-over-slf4j-1.7.30.jar;d:\maven\repository\org\springframework\boot\spring-boot-starter-validation\2.1.13.RELEASE\spring-boot-starter-validation-2.1.13.RELEASE.jar;d:\maven\repository\org\apache\httpcomponents\httpclient\4.5.5\httpclient-4.5.5.jar;d:\maven\repository\org\apache\httpcomponents\httpcore\4.4.13\httpcore-4.4.13.jar;d:\maven\repository\commons-logging\commons-logging\1.2\commons-logging-1.2.jar;d:\maven\repository\org\apache\commons\commons-lang3\3.7\commons-lang3-3.7.jar;d:\maven\repository\commons-beanutils\commons-beanutils\1.9.3\commons-beanutils-1.9.3.jar;d:\maven\repository\commons-collections\commons-collections\3.2.2\commons-collections-3.2.2.jar;d:\maven\repository\commons-codec\commons-codec\1.11\commons-codec-1.11.jar;d:\maven\repository\com\github\tobato\fastdfs-client\1.26.6\fastdfs-client-1.26.6.jar;d:\maven\repository\org\slf4j\jcl-over-slf4j\1.7.30\jcl-over-slf4j-1.7.30.jar;d:\maven\repository\ch\qos\logback\logback-classic\1.2.3\logback-classic-1.2.3.jar;d:\maven\repository\ch\qos\logback\logback-core\1.2.3\logback-core-1.2.3.jar;d:\maven\repository\commons-io\commons-io\2.4\commons-io-2.4.jar;d:\maven\repository\org\apache\commons\commons-pool2\2.6.2\commons-pool2-2.6.2.jar;d:\maven\repository\net\coobird\thumbnailator\0.4.8\thumbnailator-0.4.8.jar;d:\maven\repository\com\alibaba\fastjson\1.2.46\fastjson-1.2.46.jar;d:\maven\repository\com\github\qcloudsms\qcloudsms\1.0.6\qcloudsms-1.0.6.jar;d:\maven\repository\org\json\json\20170516\json-20170516.jar;d:\maven\repository\org\apache\httpcomponents\httpmime\4.5.5\httpmime-4.5.5.jar;"/>
    <property name="sun.cpu.endian" value="little"/>
    <property name="user.home" value="C:\Users\yang"/>
    <property name="user.language" value="zh"/>
    <property name="java.specification.vendor" value="Oracle Corporation"/>
    <property name="java.home" value="C:\Program Files\Java\jdk1.8.0_221\jre"/>
    <property name="basedir" value="D:\IdeaProjects\graduate_design\gd-web-util"/>
    <property name="file.separator" value="\"/>
    <property name="line.separator" value="&#10;"/>
    <property name="java.vm.specification.vendor" value="Oracle Corporation"/>
    <property name="java.specification.name" value="Java Platform API Specification"/>
    <property name="java.awt.graphicsenv" value="sun.awt.Win32GraphicsEnvironment"/>
    <property name="surefire.real.class.path" value="C:\Users\yang\AppData\Local\Temp\surefire4266216681898746900\surefirebooter5165921805213190287.jar"/>
    <property name="sun.boot.class.path" value="C:\Program Files\Java\jdk1.8.0_221\jre\lib\resources.jar;C:\Program Files\Java\jdk1.8.0_221\jre\lib\rt.jar;C:\Program Files\Java\jdk1.8.0_221\jre\lib\sunrsasign.jar;C:\Program Files\Java\jdk1.8.0_221\jre\lib\jsse.jar;C:\Program Files\Java\jdk1.8.0_221\jre\lib\jce.jar;C:\Program Files\Java\jdk1.8.0_221\jre\lib\charsets.jar;C:\Program Files\Java\jdk1.8.0_221\jre\lib\jfr.jar;C:\Program Files\Java\jdk1.8.0_221\jre\classes"/>
    <property name="user.script" value=""/>
    <property name="sun.management.compiler" value="HotSpot 64-Bit Tiered Compilers"/>
    <property name="java.runtime.version" value="1.8.0_221-b11"/>
    <property name="user.name" value="yang"/>
    <property name="path.separator" value=";"/>
    <property name="os.version" value="10.0"/>
    <property name="java.endorsed.dirs" value="C:\Program Files\Java\jdk1.8.0_221\jre\lib\endorsed"/>
    <property name="java.runtime.name" value="Java(TM) SE Runtime Environment"/>
    <property name="file.encoding" value="GBK"/>
    <property name="java.vm.name" value="Java HotSpot(TM) 64-Bit Server VM"/>
    <property name="localRepository" value="d:\maven\repository"/>
    <property name="java.vendor.url.bug" value="http://bugreport.sun.com/bugreport/"/>
    <property name="java.io.tmpdir" value="C:\Users\yang\AppData\Local\Temp\"/>
    <property name="java.version" value="1.8.0_221"/>
    <property name="user.dir" value="D:\IdeaProjects\graduate_design\gd-web-util"/>
    <property name="os.arch" value="amd64"/>
    <property name="java.vm.specification.name" value="Java Virtual Machine Specification"/>
    <property name="java.awt.printerjob" value="sun.awt.windows.WPrinterJob"/>
    <property name="sun.os.patch.level" value=""/>
    <property name="idea.version2019.3.3" value="true"/>
    <property name="java.library.path" value="C:\Program Files\Java\jdk1.8.0_221\jre\bin;C:\WINDOWS\Sun\Java\bin;C:\WINDOWS\system32;C:\WINDOWS;C:\Program Files (x86)\Common Files\Oracle\Java\javapath;C:\Program Files\Microsoft MPI\Bin\;D:\Program Files (x86)\NetSarang\Xftp 6\;D:\Program Files (x86)\NetSarang\Xshell 6\;D:\natapp;C:\Program Files\Java\jdk1.8.0_221\bin;C:\Program Files\Java\jdk1.8.0_221\jre\bin;C:\WINDOWS\system32;C:\WINDOWS;C:\WINDOWS\System32\Wbem;C:\WINDOWS\System32\WindowsPowerShell\v1.0\;C:\WINDOWS\System32\OpenSSH\;C:\Program Files (x86)\Microsoft SQL Server\100\Tools\Binn\;C:\Program Files\Microsoft SQL Server\100\Tools\Binn\;C:\Program Files\Microsoft SQL Server\100\DTS\Binn\;C:\WINDOWS\system32\config\systemprofile\.dnx\bin;C:\Program Files\Microsoft DNX\Dnvm\;C:\Program Files\Microsoft SQL Server\120\Tools\Binn\;C:\Program Files\Microsoft SQL Server\130\Tools\Binn\;C:\Program Files (x86)\Windows Kits\10\Windows Performance Toolkit\;C:\Program Files (x86)\Microsoft SQL Server\130\Tools\Binn\;C:\Program Files\Microsoft SQL Server\130\DTS\Binn\;C:\Program Files\Microsoft SQL Server\Client SDK\ODBC\130\Tools\Binn\;C:\Program Files (x86)\Microsoft SQL Server\150\DTS\Binn\;C:\Program Files\Intel\WiFi\bin\;C:\Program Files\Common Files\Intel\WirelessCommon\;D:\tomcat-9.0.16\bin;D:\apache-maven-3.6.2\bin;D:\node.js\;C:\Users\yang\AppData\Local\Microsoft\WindowsApps;D:\Programs\Microsoft VS Code\bin;D:\Program Files\JetBrains\WebStorm 2019.1.2\bin;;C:\Program Files\MySQL\MySQL Server 8.0\bin;;D:\Program Files\JetBrains\IntelliJ IDEA 2019.3.3\bin;;C:\Users\yang\AppData\Roaming\npm;."/>
    <property name="java.vm.info" value="mixed mode"/>
    <property name="java.vendor" value="Oracle Corporation"/>
    <property name="java.vm.version" value="25.221-b11"/>
    <property name="java.ext.dirs" value="C:\Program Files\Java\jdk1.8.0_221\jre\lib\ext;C:\WINDOWS\Sun\Java\lib\ext"/>
    <property name="sun.io.unicode.encoding" value="UnicodeLittle"/>
    <property name="java.class.version" value="52.0"/>
  </properties>
  <testcase name="initializationError" classname="com.example.demo.DemoApplicationTests" time="0.009">
    <error message="The class com.example.demo.DemoApplicationTests is not public." type="java.lang.Exception">java.lang.Exception: The class com.example.demo.DemoApplicationTests is not public.
</error>
  </testcase>
  <testcase name="initializationError" classname="com.example.demo.DemoApplicationTests" time="0">
    <error message="Test class should have exactly one public constructor" type="java.lang.Exception">java.lang.Exception: Test class should have exactly one public constructor
</error>
  </testcase>
  <testcase name="initializationError" classname="com.example.demo.DemoApplicationTests" time="0">
    <error message="Method contextLoads() should be public" type="java.lang.Exception">java.lang.Exception: Method contextLoads() should be public
</error>
  </testcase>
</testsuite>